INFO:root:[2018-08-24 07:33:48.026652] Listening on 0.0.0.0:5600
INFO:root:[2018-08-24 07:33:48.026652] Accepted connection from: 192.168.121.185:60545
INFO:root:[2018-08-24 07:33:48.026652] client thread is running ...
INFO:root:[2018-08-24 07:33:48.026652] Received data from the machine ...
INFO:root:[2018-08-24 07:33:48.026652] List data Processed Succesfull ...
INFO:root:[2018-08-24 07:33:48.026652] List data Processed Succesfull ...
INFO:root:[2018-08-24 07:33:48.026652] List data Processed Succesfull ...
INFO:root:[2018-08-24 07:33:48.026652] List data Processed Succesfull ...
INFO:root:[2018-08-24 07:33:48.026652] List data Processed Succesfull ...
INFO:root:[2018-08-24 07:33:48.026652] List data Processed Succesfull ...
INFO:root:[2018-08-24 07:33:48.026652] List data Processed Succesfull ...
INFO:root:[2018-08-24 07:33:48.026652] List data Processed Succesfull ...
INFO:root:[2018-08-24 07:33:48.026652] List data Processed Succesfull ...
INFO:root:[2018-08-24 07:33:48.026652] List data Processed Succesfull ...
INFO:root:[2018-08-24 07:33:48.026652] List data Processed Succesfull ...
INFO:root:[2018-08-24 07:33:48.026652] List data Processed Succesfull ...
INFO:root:[2018-08-24 07:33:48.026652] List data Processed Succesfull ...
INFO:root:[2018-08-24 07:33:48.026652] List data Processed Succesfull ...
INFO:root:[2018-08-24 07:33:48.026652] List data Processed Succesfull ...
INFO:root:[2018-08-24 07:33:48.026652] List data Processed Succesfull ...
INFO:root:[2018-08-24 07:33:48.026652] List data Processed Succesfull ...
INFO:root:[2018-08-24 07:33:48.026652] List data Processed Succesfull ...
INFO:root:[2018-08-24 07:33:48.026652] Process Information succesfull..
INFO:root:[2018-08-24 07:33:48.026652] Data commited to Database Succesfull ...
INFO:root:[2018-08-24 07:33:48.026652] data pushed to database ...
INFO:root:[2018-08-24 07:33:48.026652] Data commited to Database Succesfull ...
INFO:root:[2018-08-24 07:33:48.026652] data pushed to database ...
INFO:root:[2018-08-24 07:33:48.026652] Data commited to Database Succesfull ...
INFO:root:[2018-08-24 07:33:48.026652] data pushed to database ...
INFO:root:[2018-08-24 07:33:48.026652] Data commited to Database Succesfull ...
INFO:root:[2018-08-24 07:33:48.026652] data pushed to database ...
INFO:root:[2018-08-24 07:33:48.026652] Data commited to Database Succesfull ...
INFO:root:[2018-08-24 07:33:48.026652] data pushed to database ...
INFO:root:[2018-08-24 07:33:48.026652] Data commited to Database Succesfull ...
INFO:root:[2018-08-24 07:33:48.026652] data pushed to database ...
INFO:root:[2018-08-24 07:33:48.026652] Data commited to Database Succesfull ...
INFO:root:[2018-08-24 07:33:48.026652] data pushed to database ...
INFO:root:[2018-08-24 07:33:48.026652] Data commited to Database Succesfull ...
INFO:root:[2018-08-24 07:33:48.026652] data pushed to database ...
INFO:root:[2018-08-24 07:33:48.026652] Data commited to Database Succesfull ...
INFO:root:[2018-08-24 07:33:48.026652] data pushed to database ...
INFO:root:[2018-08-24 07:33:48.026652] Data commited to Database Succesfull ...
INFO:root:[2018-08-24 07:33:48.026652] data pushed to database ...
INFO:root:[2018-08-24 07:33:48.026652] Data commited to Database Succesfull ...
INFO:root:[2018-08-24 07:33:48.026652] data pushed to database ...
INFO:root:[2018-08-24 07:33:48.026652] Data commited to Database Succesfull ...
INFO:root:[2018-08-24 07:33:48.026652] data pushed to database ...
INFO:root:[2018-08-24 07:33:48.026652] Data commited to Database Succesfull ...
INFO:root:[2018-08-24 07:33:48.026652] data pushed to database ...
INFO:root:[2018-08-24 07:33:48.026652] Data commited to Database Succesfull ...
INFO:root:[2018-08-24 07:33:48.026652] data pushed to database ...
INFO:root:[2018-08-24 07:33:48.026652] Data commited to Database Succesfull ...
INFO:root:[2018-08-24 07:33:48.026652] data pushed to database ...
INFO:root:[2018-08-24 07:33:48.026652] Data commited to Database Succesfull ...
INFO:root:[2018-08-24 07:33:48.026652] data pushed to database ...
INFO:root:[2018-08-24 07:33:48.026652] Data commited to Database Succesfull ...
INFO:root:[2018-08-24 07:33:48.026652] data pushed to database ...
INFO:root:[2018-08-24 07:33:48.026652] Data commited to Database Succesfull ...
INFO:root:[2018-08-24 07:33:48.026652] data pushed to database ...
INFO:root:[2018-08-24 07:33:48.026652] Send aknowledgment to the Machine ...
INFO:root:[2018-08-24 07:33:48.026652] Accepted connection from: 192.168.121.185:60546
INFO:root:[2018-08-24 07:33:48.026652] client thread is running ...
INFO:root:[2018-08-24 07:33:48.026652] Received data from the machine ...
INFO:root:[2018-08-24 07:33:48.026652] List data Processed Succesfull ...
INFO:root:[2018-08-24 07:33:48.026652] List data Processed Succesfull ...
INFO:root:[2018-08-24 07:33:48.026652] List data Processed Succesfull ...
INFO:root:[2018-08-24 07:33:48.026652] List data Processed Succesfull ...
INFO:root:[2018-08-24 07:33:48.026652] List data Processed Succesfull ...
INFO:root:[2018-08-24 07:33:48.026652] List data Processed Succesfull ...
INFO:root:[2018-08-24 07:33:48.026652] List data Processed Succesfull ...
INFO:root:[2018-08-24 07:33:48.026652] List data Processed Succesfull ...
INFO:root:[2018-08-24 07:33:48.026652] List data Processed Succesfull ...
INFO:root:[2018-08-24 07:33:48.026652] List data Processed Succesfull ...
INFO:root:[2018-08-24 07:33:48.026652] List data Processed Succesfull ...
INFO:root:[2018-08-24 07:33:48.026652] List data Processed Succesfull ...
INFO:root:[2018-08-24 07:33:48.026652] List data Processed Succesfull ...
INFO:root:[2018-08-24 07:33:48.026652] List data Processed Succesfull ...
INFO:root:[2018-08-24 07:33:48.026652] List data Processed Succesfull ...
INFO:root:[2018-08-24 07:33:48.026652] List data Processed Succesfull ...
INFO:root:[2018-08-24 07:33:48.026652] List data Processed Succesfull ...
INFO:root:[2018-08-24 07:33:48.026652] List data Processed Succesfull ...
INFO:root:[2018-08-24 07:33:48.026652] List data Processed Succesfull ...
INFO:root:[2018-08-24 07:33:48.026652] List data Processed Succesfull ...
INFO:root:[2018-08-24 07:33:48.026652] List data Processed Succesfull ...
INFO:root:[2018-08-24 07:33:48.026652] List data Processed Succesfull ...
INFO:root:[2018-08-24 07:33:48.026652] List data Processed Succesfull ...
INFO:root:[2018-08-24 07:33:48.026652] List data Processed Succesfull ...
INFO:root:[2018-08-24 07:33:48.026652] List data Processed Succesfull ...
INFO:root:[2018-08-24 07:33:48.026652] List data Processed Succesfull ...
INFO:root:[2018-08-24 07:33:48.026652] List data Processed Succesfull ...
INFO:root:[2018-08-24 07:33:48.026652] List data Processed Succesfull ...
INFO:root:[2018-08-24 07:33:48.026652] Process Information succesfull..
INFO:root:[2018-08-24 07:33:48.026652] Data commited to Database Succesfull ...
INFO:root:[2018-08-24 07:33:48.026652] data pushed to database ...
INFO:root:[2018-08-24 07:33:48.026652] Data commited to Database Succesfull ...
INFO:root:[2018-08-24 07:33:48.026652] data pushed to database ...
INFO:root:[2018-08-24 07:33:48.026652] Data commited to Database Succesfull ...
INFO:root:[2018-08-24 07:33:48.026652] data pushed to database ...
INFO:root:[2018-08-24 07:33:48.026652] Data commited to Database Succesfull ...
INFO:root:[2018-08-24 07:33:48.026652] data pushed to database ...
INFO:root:[2018-08-24 07:33:48.026652] Data commited to Database Succesfull ...
INFO:root:[2018-08-24 07:33:48.026652] data pushed to database ...
INFO:root:[2018-08-24 07:33:48.026652] Data commited to Database Succesfull ...
INFO:root:[2018-08-24 07:33:48.026652] data pushed to database ...
INFO:root:[2018-08-24 07:33:48.026652] Data commited to Database Succesfull ...
INFO:root:[2018-08-24 07:33:48.026652] data pushed to database ...
INFO:root:[2018-08-24 07:33:48.026652] Data commited to Database Succesfull ...
INFO:root:[2018-08-24 07:33:48.026652] data pushed to database ...
INFO:root:[2018-08-24 07:33:48.026652] Data commited to Database Succesfull ...
INFO:root:[2018-08-24 07:33:48.026652] data pushed to database ...
INFO:root:[2018-08-24 07:33:48.026652] Data commited to Database Succesfull ...
INFO:root:[2018-08-24 07:33:48.026652] data pushed to database ...
INFO:root:[2018-08-24 07:33:48.026652] Data commited to Database Succesfull ...
INFO:root:[2018-08-24 07:33:48.026652] data pushed to database ...
INFO:root:[2018-08-24 07:33:48.026652] Data commited to Database Succesfull ...
INFO:root:[2018-08-24 07:33:48.026652] data pushed to database ...
INFO:root:[2018-08-24 07:33:48.026652] Data commited to Database Succesfull ...
INFO:root:[2018-08-24 07:33:48.026652] data pushed to database ...
INFO:root:[2018-08-24 07:33:48.026652] Data commited to Database Succesfull ...
INFO:root:[2018-08-24 07:33:48.026652] data pushed to database ...
INFO:root:[2018-08-24 07:33:48.026652] Data commited to Database Succesfull ...
INFO:root:[2018-08-24 07:33:48.026652] data pushed to database ...
INFO:root:[2018-08-24 07:33:48.026652] Data commited to Database Succesfull ...
INFO:root:[2018-08-24 07:33:48.026652] data pushed to database ...
INFO:root:[2018-08-24 07:33:48.026652] Data commited to Database Succesfull ...
INFO:root:[2018-08-24 07:33:48.026652] data pushed to database ...
INFO:root:[2018-08-24 07:33:48.026652] Data commited to Database Succesfull ...
INFO:root:[2018-08-24 07:33:48.026652] data pushed to database ...
INFO:root:[2018-08-24 07:33:48.026652] Data commited to Database Succesfull ...
INFO:root:[2018-08-24 07:33:48.026652] data pushed to database ...
INFO:root:[2018-08-24 07:33:48.026652] Data commited to Database Succesfull ...
INFO:root:[2018-08-24 07:33:48.026652] data pushed to database ...
INFO:root:[2018-08-24 07:33:48.026652] Data commited to Database Succesfull ...
INFO:root:[2018-08-24 07:33:48.026652] data pushed to database ...
INFO:root:[2018-08-24 07:33:48.026652] Data commited to Database Succesfull ...
INFO:root:[2018-08-24 07:33:48.026652] data pushed to database ...
INFO:root:[2018-08-24 07:33:48.026652] Data commited to Database Succesfull ...
INFO:root:[2018-08-24 07:33:48.026652] data pushed to database ...
INFO:root:[2018-08-24 07:33:48.026652] Data commited to Database Succesfull ...
INFO:root:[2018-08-24 07:33:48.026652] data pushed to database ...
INFO:root:[2018-08-24 07:33:48.026652] Data commited to Database Succesfull ...
INFO:root:[2018-08-24 07:33:48.026652] data pushed to database ...
INFO:root:[2018-08-24 07:33:48.026652] Data commited to Database Succesfull ...
INFO:root:[2018-08-24 07:33:48.026652] data pushed to database ...
INFO:root:[2018-08-24 07:33:48.026652] Data commited to Database Succesfull ...
INFO:root:[2018-08-24 07:33:48.026652] data pushed to database ...
INFO:root:[2018-08-24 07:33:48.026652] Data commited to Database Succesfull ...
INFO:root:[2018-08-24 07:33:48.026652] data pushed to database ...
INFO:root:[2018-08-24 07:33:48.026652] Send aknowledgment to the Machine ...
INFO:root:[2018-08-24 07:33:48.026652] Accepted connection from: 192.168.121.185:60547
INFO:root:[2018-08-24 07:33:48.026652] client thread is running ...
INFO:root:[2018-08-24 07:33:48.026652] Received data from the machine ...
INFO:root:[2018-08-24 07:33:48.026652] List data Processed Succesfull ...
INFO:root:[2018-08-24 07:33:48.026652] List data Processed Succesfull ...
INFO:root:[2018-08-24 07:33:48.026652] List data Processed Succesfull ...
INFO:root:[2018-08-24 07:33:48.026652] List data Processed Succesfull ...
INFO:root:[2018-08-24 07:33:48.026652] List data Processed Succesfull ...
INFO:root:[2018-08-24 07:33:48.026652] List data Processed Succesfull ...
INFO:root:[2018-08-24 07:33:48.026652] List data Processed Succesfull ...
INFO:root:[2018-08-24 07:33:48.026652] List data Processed Succesfull ...
INFO:root:[2018-08-24 07:33:48.026652] List data Processed Succesfull ...
INFO:root:[2018-08-24 07:33:48.026652] List data Processed Succesfull ...
INFO:root:[2018-08-24 07:33:48.026652] List data Processed Succesfull ...
INFO:root:[2018-08-24 07:33:48.026652] List data Processed Succesfull ...
INFO:root:[2018-08-24 07:33:48.026652] List data Processed Succesfull ...
INFO:root:[2018-08-24 07:33:48.026652] List data Processed Succesfull ...
INFO:root:[2018-08-24 07:33:48.026652] List data Processed Succesfull ...
INFO:root:[2018-08-24 07:33:48.026652] List data Processed Succesfull ...
INFO:root:[2018-08-24 07:33:48.026652] List data Processed Succesfull ...
INFO:root:[2018-08-24 07:33:48.026652] List data Processed Succesfull ...
INFO:root:[2018-08-24 07:33:48.026652] List data Processed Succesfull ...
INFO:root:[2018-08-24 07:33:48.026652] Process Information succesfull..
INFO:root:[2018-08-24 07:33:48.026652] Data commited to Database Succesfull ...
INFO:root:[2018-08-24 07:33:48.026652] data pushed to database ...
INFO:root:[2018-08-24 07:33:48.026652] Data commited to Database Succesfull ...
INFO:root:[2018-08-24 07:33:48.026652] data pushed to database ...
INFO:root:[2018-08-24 07:33:48.026652] Data commited to Database Succesfull ...
INFO:root:[2018-08-24 07:33:48.026652] data pushed to database ...
INFO:root:[2018-08-24 07:33:48.026652] Data commited to Database Succesfull ...
INFO:root:[2018-08-24 07:33:48.026652] data pushed to database ...
INFO:root:[2018-08-24 07:33:48.026652] Data commited to Database Succesfull ...
INFO:root:[2018-08-24 07:33:48.026652] data pushed to database ...
INFO:root:[2018-08-24 07:33:48.026652] Data commited to Database Succesfull ...
INFO:root:[2018-08-24 07:33:48.026652] data pushed to database ...
INFO:root:[2018-08-24 07:33:48.026652] Data commited to Database Succesfull ...
INFO:root:[2018-08-24 07:33:48.026652] data pushed to database ...
INFO:root:[2018-08-24 07:33:48.026652] Data commited to Database Succesfull ...
INFO:root:[2018-08-24 07:33:48.026652] data pushed to database ...
INFO:root:[2018-08-24 07:33:48.026652] Data commited to Database Succesfull ...
INFO:root:[2018-08-24 07:33:48.026652] data pushed to database ...
INFO:root:[2018-08-24 07:33:48.026652] Data commited to Database Succesfull ...
INFO:root:[2018-08-24 07:33:48.026652] data pushed to database ...
INFO:root:[2018-08-24 07:33:48.026652] Data commited to Database Succesfull ...
INFO:root:[2018-08-24 07:33:48.026652] data pushed to database ...
INFO:root:[2018-08-24 07:33:48.026652] Data commited to Database Succesfull ...
INFO:root:[2018-08-24 07:33:48.026652] data pushed to database ...
INFO:root:[2018-08-24 07:33:48.026652] Data commited to Database Succesfull ...
INFO:root:[2018-08-24 07:33:48.026652] data pushed to database ...
INFO:root:[2018-08-24 07:33:48.026652] Data commited to Database Succesfull ...
INFO:root:[2018-08-24 07:33:48.026652] data pushed to database ...
INFO:root:[2018-08-24 07:33:48.026652] Data commited to Database Succesfull ...
INFO:root:[2018-08-24 07:33:48.026652] data pushed to database ...
INFO:root:[2018-08-24 07:33:48.026652] Data commited to Database Succesfull ...
INFO:root:[2018-08-24 07:33:48.026652] data pushed to database ...
INFO:root:[2018-08-24 07:33:48.026652] Data commited to Database Succesfull ...
INFO:root:[2018-08-24 07:33:48.026652] data pushed to database ...
INFO:root:[2018-08-24 07:33:48.026652] Data commited to Database Succesfull ...
INFO:root:[2018-08-24 07:33:48.026652] data pushed to database ...
INFO:root:[2018-08-24 07:33:48.026652] Data commited to Database Succesfull ...
INFO:root:[2018-08-24 07:33:48.026652] data pushed to database ...
INFO:root:[2018-08-24 07:33:48.026652] Send aknowledgment to the Machine ...
INFO:root:[2018-08-24 07:33:48.026652] Accepted connection from: 192.168.121.185:60548
INFO:root:[2018-08-24 07:33:48.026652] client thread is running ...
INFO:root:[2018-08-24 07:33:48.026652] Accepted connection from: 192.168.121.185:60549
INFO:root:[2018-08-24 07:33:48.026652] client thread is running ...
INFO:root:[2018-08-24 07:49:35.040097] Listening on 0.0.0.0:5600
INFO:root:[2018-08-24 07:49:35.040097] Accepted connection from: 192.168.121.185:60575
INFO:root:[2018-08-24 07:49:35.040097] client thread is running ...
INFO:root:[2018-08-24 07:49:35.040097] Received data from the machine ...
INFO:root:[2018-08-24 07:49:35.040097] List data Processed Succesfull ...
INFO:root:[2018-08-24 07:49:35.040097] List data Processed Succesfull ...
INFO:root:[2018-08-24 07:49:35.040097] List data Processed Succesfull ...
INFO:root:[2018-08-24 07:49:35.040097] List data Processed Succesfull ...
INFO:root:[2018-08-24 07:49:35.040097] List data Processed Succesfull ...
INFO:root:[2018-08-24 07:49:35.040097] List data Processed Succesfull ...
INFO:root:[2018-08-24 07:49:35.040097] List data Processed Succesfull ...
INFO:root:[2018-08-24 07:49:35.040097] List data Processed Succesfull ...
INFO:root:[2018-08-24 07:49:35.040097] List data Processed Succesfull ...
INFO:root:[2018-08-24 07:49:35.040097] List data Processed Succesfull ...
INFO:root:[2018-08-24 07:49:35.040097] List data Processed Succesfull ...
INFO:root:[2018-08-24 07:49:35.040097] List data Processed Succesfull ...
INFO:root:[2018-08-24 07:49:35.040097] List data Processed Succesfull ...
INFO:root:[2018-08-24 07:49:35.040097] List data Processed Succesfull ...
INFO:root:[2018-08-24 07:49:35.040097] List data Processed Succesfull ...
INFO:root:[2018-08-24 07:49:35.040097] List data Processed Succesfull ...
INFO:root:[2018-08-24 07:49:35.040097] List data Processed Succesfull ...
INFO:root:[2018-08-24 07:49:35.040097] List data Processed Succesfull ...
INFO:root:[2018-08-24 07:49:35.040097] Process Information succesfull..
INFO:root:[2018-08-24 07:49:35.040097] Data commited to Database Succesfull ...
INFO:root:[2018-08-24 07:49:35.040097] data pushed to database ...
ERROR:root:could not convert string to float: **.*
ERROR:root:could not convert string to float: **.*
ERROR:root:could not convert string to float: **.*
ERROR:root:could not convert string to float: **.*
ERROR:root:could not convert string to float: **.*
ERROR:root:could not convert string to float: ***.**
ERROR:root:could not convert string to float: ***.**
ERROR:root:could not convert string to float: ***.**
ERROR:root:could not convert string to float: ***.**
ERROR:root:could not convert string to float: ***.**
ERROR:root:could not convert string to float: ***.**
ERROR:root:could not convert string to float: **.*
ERROR:root:could not convert string to float: ***.**
ERROR:root:could not convert string to float: **.*
INFO:root:[2018-08-24 07:49:35.040097] Data commited to Database Succesfull ...
INFO:root:[2018-08-24 07:49:35.040097] data pushed to database ...
INFO:root:[2018-08-24 07:49:35.040097] Data commited to Database Succesfull ...
INFO:root:[2018-08-24 07:49:35.040097] data pushed to database ...
INFO:root:[2018-08-24 07:49:35.040097] Data commited to Database Succesfull ...
INFO:root:[2018-08-24 07:49:35.040097] data pushed to database ...
INFO:root:[2018-08-24 07:49:35.040097] Send aknowledgment to the Machine ...
INFO:root:[2018-08-24 07:49:35.040097] Accepted connection from: 192.168.121.185:60576
INFO:root:[2018-08-24 07:49:35.040097] client thread is running ...
INFO:root:[2018-08-24 07:49:35.040097] Accepted connection from: 192.168.121.185:60577
INFO:root:[2018-08-24 07:49:35.040097] client thread is running ...
INFO:root:[2018-08-24 07:49:35.040097] Received data from the machine ...
INFO:root:[2018-08-24 07:49:35.040097] List data Processed Succesfull ...
INFO:root:[2018-08-24 07:49:35.040097] List data Processed Succesfull ...
INFO:root:[2018-08-24 07:49:35.040097] List data Processed Succesfull ...
INFO:root:[2018-08-24 07:49:35.040097] List data Processed Succesfull ...
INFO:root:[2018-08-24 07:49:35.040097] List data Processed Succesfull ...
INFO:root:[2018-08-24 07:49:35.040097] List data Processed Succesfull ...
INFO:root:[2018-08-24 07:49:35.040097] List data Processed Succesfull ...
INFO:root:[2018-08-24 07:49:35.040097] List data Processed Succesfull ...
INFO:root:[2018-08-24 07:49:35.040097] List data Processed Succesfull ...
INFO:root:[2018-08-24 07:49:35.040097] List data Processed Succesfull ...
INFO:root:[2018-08-24 07:49:35.040097] List data Processed Succesfull ...
INFO:root:[2018-08-24 07:49:35.040097] List data Processed Succesfull ...
INFO:root:[2018-08-24 07:49:35.040097] List data Processed Succesfull ...
INFO:root:[2018-08-24 07:49:35.040097] List data Processed Succesfull ...
INFO:root:[2018-08-24 07:49:35.040097] List data Processed Succesfull ...
INFO:root:[2018-08-24 07:49:35.040097] List data Processed Succesfull ...
INFO:root:[2018-08-24 07:49:35.040097] List data Processed Succesfull ...
INFO:root:[2018-08-24 07:49:35.040097] List data Processed Succesfull ...
INFO:root:[2018-08-24 07:49:35.040097] List data Processed Succesfull ...
INFO:root:[2018-08-24 07:49:35.040097] Process Information succesfull..
INFO:root:[2018-08-24 07:49:35.040097] Data commited to Database Succesfull ...
INFO:root:[2018-08-24 07:49:35.040097] data pushed to database ...
INFO:root:[2018-08-24 07:49:35.040097] Data commited to Database Succesfull ...
INFO:root:[2018-08-24 07:49:35.040097] data pushed to database ...
INFO:root:[2018-08-24 07:49:35.040097] Data commited to Database Succesfull ...
INFO:root:[2018-08-24 07:49:35.040097] data pushed to database ...
INFO:root:[2018-08-24 07:49:35.040097] Data commited to Database Succesfull ...
INFO:root:[2018-08-24 07:49:35.040097] data pushed to database ...
INFO:root:[2018-08-24 07:49:35.040097] Data commited to Database Succesfull ...
INFO:root:[2018-08-24 07:49:35.040097] data pushed to database ...
INFO:root:[2018-08-24 07:49:35.040097] Data commited to Database Succesfull ...
INFO:root:[2018-08-24 07:49:35.040097] data pushed to database ...
INFO:root:[2018-08-24 07:49:35.040097] Data commited to Database Succesfull ...
INFO:root:[2018-08-24 07:49:35.040097] data pushed to database ...
INFO:root:[2018-08-24 07:49:35.040097] Data commited to Database Succesfull ...
INFO:root:[2018-08-24 07:49:35.040097] data pushed to database ...
INFO:root:[2018-08-24 07:49:35.040097] Data commited to Database Succesfull ...
INFO:root:[2018-08-24 07:49:35.040097] data pushed to database ...
INFO:root:[2018-08-24 07:49:35.040097] Data commited to Database Succesfull ...
INFO:root:[2018-08-24 07:49:35.040097] data pushed to database ...
INFO:root:[2018-08-24 07:49:35.040097] Data commited to Database Succesfull ...
INFO:root:[2018-08-24 07:49:35.040097] data pushed to database ...
INFO:root:[2018-08-24 07:49:35.040097] Data commited to Database Succesfull ...
INFO:root:[2018-08-24 07:49:35.040097] data pushed to database ...
INFO:root:[2018-08-24 07:49:35.040097] Data commited to Database Succesfull ...
INFO:root:[2018-08-24 07:49:35.040097] data pushed to database ...
INFO:root:[2018-08-24 07:49:35.040097] Data commited to Database Succesfull ...
INFO:root:[2018-08-24 07:49:35.040097] data pushed to database ...
INFO:root:[2018-08-24 07:49:35.040097] Data commited to Database Succesfull ...
INFO:root:[2018-08-24 07:49:35.040097] data pushed to database ...
INFO:root:[2018-08-24 07:49:35.040097] Data commited to Database Succesfull ...
INFO:root:[2018-08-24 07:49:35.040097] data pushed to database ...
INFO:root:[2018-08-24 07:49:35.040097] Data commited to Database Succesfull ...
INFO:root:[2018-08-24 07:49:35.040097] data pushed to database ...
INFO:root:[2018-08-24 07:49:35.040097] Data commited to Database Succesfull ...
INFO:root:[2018-08-24 07:49:35.040097] data pushed to database ...
INFO:root:[2018-08-24 07:49:35.040097] Data commited to Database Succesfull ...
INFO:root:[2018-08-24 07:49:35.040097] data pushed to database ...
INFO:root:[2018-08-24 07:49:35.040097] Send aknowledgment to the Machine ...
INFO:root:[2018-08-24 07:49:35.040097] Accepted connection from: 192.168.121.185:60581
INFO:root:[2018-08-24 07:49:35.040097] client thread is running ...
INFO:root:[2018-08-24 08:20:23.944804] Listening on 0.0.0.0:5600
INFO:root:[2018-08-24 08:22:52.712729] Listening on 0.0.0.0:56900
INFO:root:[2018-08-24 08:24:23.530910] Listening on 0.0.0.0:5600
INFO:root:[2018-08-24 08:24:23.530910] Accepted connection from: 192.168.121.185:61345
INFO:root:[2018-08-24 08:24:23.530910] client thread is running ...
INFO:root:[2018-08-24 08:24:23.530910] Received data from the machine ...
INFO:root:[2018-08-24 08:24:23.530910] List data Processed Succesfull ...
INFO:root:[2018-08-24 08:24:23.530910] List data Processed Succesfull ...
INFO:root:[2018-08-24 08:24:23.530910] List data Processed Succesfull ...
INFO:root:[2018-08-24 08:24:23.530910] List data Processed Succesfull ...
INFO:root:[2018-08-24 08:24:23.530910] List data Processed Succesfull ...
INFO:root:[2018-08-24 08:24:23.530910] List data Processed Succesfull ...
INFO:root:[2018-08-24 08:24:23.530910] List data Processed Succesfull ...
INFO:root:[2018-08-24 08:24:23.530910] List data Processed Succesfull ...
INFO:root:[2018-08-24 08:24:23.530910] List data Processed Succesfull ...
INFO:root:[2018-08-24 08:24:23.530910] List data Processed Succesfull ...
INFO:root:[2018-08-24 08:24:23.530910] List data Processed Succesfull ...
INFO:root:[2018-08-24 08:24:23.530910] List data Processed Succesfull ...
INFO:root:[2018-08-24 08:24:23.530910] List data Processed Succesfull ...
INFO:root:[2018-08-24 08:24:23.530910] List data Processed Succesfull ...
INFO:root:[2018-08-24 08:24:23.530910] List data Processed Succesfull ...
INFO:root:[2018-08-24 08:24:23.530910] List data Processed Succesfull ...
INFO:root:[2018-08-24 08:24:23.530910] List data Processed Succesfull ...
INFO:root:[2018-08-24 08:24:23.530910] List data Processed Succesfull ...
INFO:root:[2018-08-24 08:24:23.530910] List data Processed Succesfull ...
INFO:root:[2018-08-24 08:24:23.530910] Process Information succesfull..
INFO:root:[2018-08-24 08:24:23.530910] Data commited to Database Succesfull ...
INFO:root:[2018-08-24 08:24:23.530910] data pushed to database ...
INFO:root:[2018-08-24 08:24:23.530910] Data commited to Database Succesfull ...
INFO:root:[2018-08-24 08:24:23.530910] data pushed to database ...
INFO:root:[2018-08-24 08:24:23.530910] Data commited to Database Succesfull ...
INFO:root:[2018-08-24 08:24:23.530910] data pushed to database ...
INFO:root:[2018-08-24 08:24:23.530910] Data commited to Database Succesfull ...
INFO:root:[2018-08-24 08:24:23.530910] data pushed to database ...
INFO:root:[2018-08-24 08:24:23.530910] Data commited to Database Succesfull ...
INFO:root:[2018-08-24 08:24:23.530910] data pushed to database ...
INFO:root:[2018-08-24 08:24:23.530910] Data commited to Database Succesfull ...
INFO:root:[2018-08-24 08:24:23.530910] data pushed to database ...
INFO:root:[2018-08-24 08:24:23.530910] Data commited to Database Succesfull ...
INFO:root:[2018-08-24 08:24:23.530910] data pushed to database ...
INFO:root:[2018-08-24 08:24:23.530910] Data commited to Database Succesfull ...
INFO:root:[2018-08-24 08:24:23.530910] data pushed to database ...
INFO:root:[2018-08-24 08:24:23.530910] Data commited to Database Succesfull ...
INFO:root:[2018-08-24 08:24:23.530910] data pushed to database ...
INFO:root:[2018-08-24 08:24:23.530910] Data commited to Database Succesfull ...
INFO:root:[2018-08-24 08:24:23.530910] data pushed to database ...
INFO:root:[2018-08-24 08:24:23.530910] Data commited to Database Succesfull ...
INFO:root:[2018-08-24 08:24:23.530910] data pushed to database ...
INFO:root:[2018-08-24 08:24:23.530910] Data commited to Database Succesfull ...
INFO:root:[2018-08-24 08:24:23.530910] data pushed to database ...
INFO:root:[2018-08-24 08:24:23.530910] Data commited to Database Succesfull ...
INFO:root:[2018-08-24 08:24:23.530910] data pushed to database ...
INFO:root:[2018-08-24 08:24:23.530910] Data commited to Database Succesfull ...
INFO:root:[2018-08-24 08:24:23.530910] data pushed to database ...
INFO:root:[2018-08-24 08:24:23.530910] Data commited to Database Succesfull ...
INFO:root:[2018-08-24 08:24:23.530910] data pushed to database ...
INFO:root:[2018-08-24 08:24:23.530910] Data commited to Database Succesfull ...
INFO:root:[2018-08-24 08:24:23.530910] data pushed to database ...
INFO:root:[2018-08-24 08:24:23.530910] Data commited to Database Succesfull ...
INFO:root:[2018-08-24 08:24:23.530910] data pushed to database ...
INFO:root:[2018-08-24 08:24:23.530910] Data commited to Database Succesfull ...
INFO:root:[2018-08-24 08:24:23.530910] data pushed to database ...
INFO:root:[2018-08-24 08:24:23.530910] Data commited to Database Succesfull ...
INFO:root:[2018-08-24 08:24:23.530910] data pushed to database ...
INFO:root:[2018-08-24 08:24:23.530910] Send aknowledgment to the Machine ...
